2020-07-11 12:44:49.208 1687: http server started listening on [:7777]

  SERVER  | DOMAIN  | ADDRESS | METHOD |     ROUTE      |                          HANDLER                          | MIDDLEWARE  
|---------|---------|---------|--------|----------------|-----------------------------------------------------------|------------|
  default | default | :7777   | GET    | /base/captcha  | gf-server/app/api/v1.Captcha                              |             
|---------|---------|---------|--------|----------------|-----------------------------------------------------------|------------|
  default | default | :7777   | GET    | /base/login    | github.com/gogf/gf-jwt.(*GfJWTMiddleware).LoginHandler-fm |             
|---------|---------|---------|--------|----------------|-----------------------------------------------------------|------------|
  default | default | :7777   | POST   | /base/register | gf-server/app/api/v1.Register                             |             
|---------|---------|---------|--------|----------------|-----------------------------------------------------------|------------|

2020-07-11 12:45:59.089 [ghttp] 1687: all servers shutdown

  SERVER  | DOMAIN  | ADDRESS | METHOD |     ROUTE      |                          HANDLER                          | MIDDLEWARE  
|---------|---------|---------|--------|----------------|-----------------------------------------------------------|------------|
  default | default | :7777   | GET    | /base/captcha  | gf-server/app/api/v1.Captcha                              |             
|---------|---------|---------|--------|----------------|-----------------------------------------------------------|------------|
  default | default | :7777   | GET    | /base/login    | github.com/gogf/gf-jwt.(*GfJWTMiddleware).LoginHandler-fm |             
|---------|---------|---------|--------|----------------|-----------------------------------------------------------|------------|
  default | default | :7777   | POST   | /base/register | gf-server/app/api/v1.Register                             |             
|---------|---------|---------|--------|----------------|-----------------------------------------------------------|------------|

2020-07-11 12:46:00.897 1924: http server started listening on [:7777]

  SERVER  | DOMAIN  | ADDRESS | METHOD |     ROUTE      |                          HANDLER                          | MIDDLEWARE  
|---------|---------|---------|--------|----------------|-----------------------------------------------------------|------------|
  default | default | :7777   | GET    | /base/captcha  | gf-server/app/api/v1.Captcha                              |             
|---------|---------|---------|--------|----------------|-----------------------------------------------------------|------------|
  default | default | :7777   | POST   | /base/login    | github.com/gogf/gf-jwt.(*GfJWTMiddleware).LoginHandler-fm |             
|---------|---------|---------|--------|----------------|-----------------------------------------------------------|------------|
  default | default | :7777   | POST   | /base/register | gf-server/app/api/v1.Register                             |             
|---------|---------|---------|--------|----------------|-----------------------------------------------------------|------------|

2020-07-11 12:47:55.581 1974: http server started listening on [:7777]

  SERVER  | DOMAIN  | ADDRESS | METHOD |     ROUTE      |                          HANDLER                          | MIDDLEWARE  
|---------|---------|---------|--------|----------------|-----------------------------------------------------------|------------|
  default | default | :7777   | GET    | /base/captcha  | gf-server/app/api/v1.Captcha                              |             
|---------|---------|---------|--------|----------------|-----------------------------------------------------------|------------|
  default | default | :7777   | POST   | /base/login    | github.com/gogf/gf-jwt.(*GfJWTMiddleware).LoginHandler-fm |             
|---------|---------|---------|--------|----------------|-----------------------------------------------------------|------------|
  default | default | :7777   | POST   | /base/register | gf-server/app/api/v1.Register                             |             
|---------|---------|---------|--------|----------------|-----------------------------------------------------------|------------|

2020-07-11 12:49:17.237 2034: http server started listening on [:7777]
2020-07-11 12:49:31.401 2060: http server started listening on [:7777]

  SERVER  | DOMAIN  | ADDRESS | METHOD |     ROUTE      |                          HANDLER                          | MIDDLEWARE  
|---------|---------|---------|--------|----------------|-----------------------------------------------------------|------------|
  default | default | :7777   | GET    | /base/captcha  | gf-server/app/api/v1.Captcha                              |             
|---------|---------|---------|--------|----------------|-----------------------------------------------------------|------------|
  default | default | :7777   | POST   | /base/login    | github.com/gogf/gf-jwt.(*GfJWTMiddleware).LoginHandler-fm |             
|---------|---------|---------|--------|----------------|-----------------------------------------------------------|------------|
  default | default | :7777   | POST   | /base/register | gf-server/app/api/v1.Register                             |             
|---------|---------|---------|--------|----------------|-----------------------------------------------------------|------------|

2020-07-11 12:50:01.980 [ghttp] 2060: all servers shutdown
2020-07-11 12:50:24.660 2123: http server started listening on [:7777]

  SERVER  | DOMAIN  | ADDRESS | METHOD |     ROUTE      |                          HANDLER                          | MIDDLEWARE  
|---------|---------|---------|--------|----------------|-----------------------------------------------------------|------------|
  default | default | :7777   | GET    | /base/captcha  | gf-server/app/api/v1.Captcha                              |             
|---------|---------|---------|--------|----------------|-----------------------------------------------------------|------------|
  default | default | :7777   | POST   | /base/login    | github.com/gogf/gf-jwt.(*GfJWTMiddleware).LoginHandler-fm |             
|---------|---------|---------|--------|----------------|-----------------------------------------------------------|------------|
  default | default | :7777   | POST   | /base/register | gf-server/app/api/v1.Register                             |             
|---------|---------|---------|--------|----------------|-----------------------------------------------------------|------------|

2020-07-11 12:52:24.287 2198: http server started listening on [:7777]

  SERVER  | DOMAIN  | ADDRESS | METHOD |     ROUTE      |                          HANDLER                          | MIDDLEWARE  
|---------|---------|---------|--------|----------------|-----------------------------------------------------------|------------|
  default | default | :7777   | GET    | /base/captcha  | gf-server/app/api/v1.Captcha                              |             
|---------|---------|---------|--------|----------------|-----------------------------------------------------------|------------|
  default | default | :7777   | POST   | /base/login    | github.com/gogf/gf-jwt.(*GfJWTMiddleware).LoginHandler-fm |             
|---------|---------|---------|--------|----------------|-----------------------------------------------------------|------------|
  default | default | :7777   | POST   | /base/register | gf-server/app/api/v1.Register                             |             
|---------|---------|---------|--------|----------------|-----------------------------------------------------------|------------|

2020-07-11 12:54:07.249 2244: http server started listening on [:7777]

  SERVER  | DOMAIN  | ADDRESS | METHOD |     ROUTE      |                          HANDLER                          | MIDDLEWARE  
|---------|---------|---------|--------|----------------|-----------------------------------------------------------|------------|
  default | default | :7777   | GET    | /base/captcha  | gf-server/app/api/v1.Captcha                              |             
|---------|---------|---------|--------|----------------|-----------------------------------------------------------|------------|
  default | default | :7777   | POST   | /base/login    | github.com/gogf/gf-jwt.(*GfJWTMiddleware).LoginHandler-fm |             
|---------|---------|---------|--------|----------------|-----------------------------------------------------------|------------|
  default | default | :7777   | POST   | /base/register | gf-server/app/api/v1.Register                             |             
|---------|---------|---------|--------|----------------|-----------------------------------------------------------|------------|

2020-07-11 13:01:58.121 2337: http server started listening on [:7777]

  SERVER  | DOMAIN  | ADDRESS | METHOD |     ROUTE      |                          HANDLER                          | MIDDLEWARE  
|---------|---------|---------|--------|----------------|-----------------------------------------------------------|------------|
  default | default | :7777   | GET    | /base/captcha  | gf-server/app/api/v1.Captcha                              |             
|---------|---------|---------|--------|----------------|-----------------------------------------------------------|------------|
  default | default | :7777   | POST   | /base/login    | github.com/gogf/gf-jwt.(*GfJWTMiddleware).LoginHandler-fm |             
|---------|---------|---------|--------|----------------|-----------------------------------------------------------|------------|
  default | default | :7777   | POST   | /base/register | gf-server/app/api/v1.Register                             |             
|---------|---------|---------|--------|----------------|-----------------------------------------------------------|------------|

2020-07-11 13:10:09.261 2476: http server started listening on [:7777]

  SERVER  | DOMAIN  | ADDRESS | METHOD |     ROUTE      |                          HANDLER                          | MIDDLEWARE  
|---------|---------|---------|--------|----------------|-----------------------------------------------------------|------------|
  default | default | :7777   | GET    | /base/captcha  | gf-server/app/api/v1.Captcha                              |             
|---------|---------|---------|--------|----------------|-----------------------------------------------------------|------------|
  default | default | :7777   | POST   | /base/login    | github.com/gogf/gf-jwt.(*GfJWTMiddleware).LoginHandler-fm |             
|---------|---------|---------|--------|----------------|-----------------------------------------------------------|------------|
  default | default | :7777   | POST   | /base/register | gf-server/app/api/v1.Register                             |             
|---------|---------|---------|--------|----------------|-----------------------------------------------------------|------------|

2020-07-11 13:11:22.609 2531: http server started listening on [:7777]

  SERVER  | DOMAIN  | ADDRESS | METHOD |     ROUTE      |                          HANDLER                          | MIDDLEWARE  
|---------|---------|---------|--------|----------------|-----------------------------------------------------------|------------|
  default | default | :7777   | GET    | /base/captcha  | gf-server/app/api/v1.Captcha                              |             
|---------|---------|---------|--------|----------------|-----------------------------------------------------------|------------|
  default | default | :7777   | POST   | /base/login    | github.com/gogf/gf-jwt.(*GfJWTMiddleware).LoginHandler-fm |             
|---------|---------|---------|--------|----------------|-----------------------------------------------------------|------------|
  default | default | :7777   | POST   | /base/register | gf-server/app/api/v1.Register                             |             
|---------|---------|---------|--------|----------------|-----------------------------------------------------------|------------|

