2020-07-22 13:38:09.445 500 "POST http 127.0.0.1:7777 /base/register HTTP/1.1" 0.002, 127.0.0.1, "", "ApiPOST Runtime +https://www.apipost.cn"
Stack:
1. write /dev/stdout: input/output error
   1).  github.com/gogf/gf/os/glog.(*Logger).printToWriter
    	/Users/sliverhorn/Go/pkg/mod/github.com/gogf/gf@v1.13.1/os/glog/glog_logger.go:209
   2).  github.com/gogf/gf/os/glog.(*Logger).print
    	/Users/sliverhorn/Go/pkg/mod/github.com/gogf/gf@v1.13.1/os/glog/glog_logger.go:195
   3).  github.com/gogf/gf/os/glog.(*Logger).printErr
    	/Users/sliverhorn/Go/pkg/mod/github.com/gogf/gf@v1.13.1/os/glog/glog_logger.go:273
   4).  github.com/gogf/gf/os/glog.(*Logger).Error
    	/Users/sliverhorn/Go/pkg/mod/github.com/gogf/gf@v1.13.1/os/glog/glog_logger_api.go:120
   5).  server/app/middleware.Error
    	/Users/sliverhorn/Go/src/github.com/flipped-aurora/gf-vue-admin/server/app/middleware/error.go:12
   6).  github.com/gogf/gf/net/ghttp.(*Middleware).Next.func1.9
    	/Users/sliverhorn/Go/pkg/mod/github.com/gogf/gf@v1.13.1/net/ghttp/ghttp_request_middleware.go:117
   7).  github.com/gogf/gf/net/ghttp.niceCallFunc
    	/Users/sliverhorn/Go/pkg/mod/github.com/gogf/gf@v1.13.1/net/ghttp/ghttp_func.go:75
   8).  github.com/gogf/gf/net/ghttp.(*Middleware).Next.func1
    	/Users/sliverhorn/Go/pkg/mod/github.com/gogf/gf@v1.13.1/net/ghttp/ghttp_request_middleware.go:116
   9).  github.com/gogf/gf/util/gutil.TryCatch
    	/Users/sliverhorn/Go/pkg/mod/github.com/gogf/gf@v1.13.1/util/gutil/gutil.go:26
   10). github.com/gogf/gf/net/ghttp.(*Middleware).Next
    	/Users/sliverhorn/Go/pkg/mod/github.com/gogf/gf@v1.13.1/net/ghttp/ghttp_request_middleware.go:47
   11). github.com/gogf/gf/net/ghttp.(*Server).ServeHTTP
    	/Users/sliverhorn/Go/pkg/mod/github.com/gogf/gf@v1.13.1/net/ghttp/ghttp_server_handler.go:111

