2020-07-10 19:31:43.549 500 "POST http 127.0.0.1:7777 /base/register HTTP/1.1" 0.004, 127.0.0.1, "", "ApiPOST Runtime +https://www.apipost.cn"
Stack:
1. runtime error: invalid memory address or nil pointer dereference
   1).  gf-server/app/model/user.RecordNotFound
    	/Users/sliverhorn/Go/src/github.com/SliverHorn/goframe-vue-admin/gf-server/app/model/user/user.go:29
   2).  gf-server/app/service.Register
    	/Users/sliverhorn/Go/src/github.com/SliverHorn/goframe-vue-admin/gf-server/app/service/sys_user.go:25
   3).  gf-server/app/api/v1.Register
    	/Users/sliverhorn/Go/src/github.com/SliverHorn/goframe-vue-admin/gf-server/app/api/v1/sys_user.go:27
   4).  github.com/gogf/gf/net/ghttp.(*Middleware).Next.func1.8
    	/Users/sliverhorn/Go/pkg/mod/github.com/gogf/gf@v1.13.1/net/ghttp/ghttp_request_middleware.go:111
   5).  github.com/gogf/gf/net/ghttp.niceCallFunc
    	/Users/sliverhorn/Go/pkg/mod/github.com/gogf/gf@v1.13.1/net/ghttp/ghttp_func.go:75
   6).  github.com/gogf/gf/net/ghttp.(*Middleware).Next.func1
    	/Users/sliverhorn/Go/pkg/mod/github.com/gogf/gf@v1.13.1/net/ghttp/ghttp_request_middleware.go:110
   7).  github.com/gogf/gf/util/gutil.TryCatch
    	/Users/sliverhorn/Go/pkg/mod/github.com/gogf/gf@v1.13.1/util/gutil/gutil.go:26
   8).  github.com/gogf/gf/net/ghttp.(*Middleware).Next
    	/Users/sliverhorn/Go/pkg/mod/github.com/gogf/gf@v1.13.1/net/ghttp/ghttp_request_middleware.go:47
   9).  github.com/gogf/gf/net/ghttp.(*Server).ServeHTTP
    	/Users/sliverhorn/Go/pkg/mod/github.com/gogf/gf@v1.13.1/net/ghttp/ghttp_server_handler.go:111

2020-07-10 19:32:56.924 500 "POST http 127.0.0.1:7777 /base/register HTTP/1.1" 0.003, 127.0.0.1, "", "ApiPOST Runtime +https://www.apipost.cn"
Stack:
1. runtime error: invalid memory address or nil pointer dereference
   1).  gf-server/app/model/user.(*Entity).EncryptedPassword
    	/Users/sliverhorn/Go/src/github.com/SliverHorn/goframe-vue-admin/gf-server/app/model/user/user_entity.go:80
   2).  gf-server/app/service.Register
    	/Users/sliverhorn/Go/src/github.com/SliverHorn/goframe-vue-admin/gf-server/app/service/sys_user.go:28
   3).  gf-server/app/api/v1.Register
    	/Users/sliverhorn/Go/src/github.com/SliverHorn/goframe-vue-admin/gf-server/app/api/v1/sys_user.go:27
   4).  github.com/gogf/gf/net/ghttp.(*Middleware).Next.func1.8
    	/Users/sliverhorn/Go/pkg/mod/github.com/gogf/gf@v1.13.1/net/ghttp/ghttp_request_middleware.go:111
   5).  github.com/gogf/gf/net/ghttp.niceCallFunc
    	/Users/sliverhorn/Go/pkg/mod/github.com/gogf/gf@v1.13.1/net/ghttp/ghttp_func.go:75
   6).  github.com/gogf/gf/net/ghttp.(*Middleware).Next.func1
    	/Users/sliverhorn/Go/pkg/mod/github.com/gogf/gf@v1.13.1/net/ghttp/ghttp_request_middleware.go:110
   7).  github.com/gogf/gf/util/gutil.TryCatch
    	/Users/sliverhorn/Go/pkg/mod/github.com/gogf/gf@v1.13.1/util/gutil/gutil.go:26
   8).  github.com/gogf/gf/net/ghttp.(*Middleware).Next
    	/Users/sliverhorn/Go/pkg/mod/github.com/gogf/gf@v1.13.1/net/ghttp/ghttp_request_middleware.go:47
   9).  github.com/gogf/gf/net/ghttp.(*Server).ServeHTTP
    	/Users/sliverhorn/Go/pkg/mod/github.com/gogf/gf@v1.13.1/net/ghttp/ghttp_server_handler.go:111

2020-07-10 19:33:51.561 500 "POST http 127.0.0.1:7777 /base/register HTTP/1.1" 0.004, 127.0.0.1, "", "ApiPOST Runtime +https://www.apipost.cn"
Stack:
1. runtime error: invalid memory address or nil pointer dereference
   1).  gf-server/app/service.Register
    	/Users/sliverhorn/Go/src/github.com/SliverHorn/goframe-vue-admin/gf-server/app/service/sys_user.go:29
   2).  gf-server/app/api/v1.Register
    	/Users/sliverhorn/Go/src/github.com/SliverHorn/goframe-vue-admin/gf-server/app/api/v1/sys_user.go:27
   3).  github.com/gogf/gf/net/ghttp.(*Middleware).Next.func1.8
    	/Users/sliverhorn/Go/pkg/mod/github.com/gogf/gf@v1.13.1/net/ghttp/ghttp_request_middleware.go:111
   4).  github.com/gogf/gf/net/ghttp.niceCallFunc
    	/Users/sliverhorn/Go/pkg/mod/github.com/gogf/gf@v1.13.1/net/ghttp/ghttp_func.go:75
   5).  github.com/gogf/gf/net/ghttp.(*Middleware).Next.func1
    	/Users/sliverhorn/Go/pkg/mod/github.com/gogf/gf@v1.13.1/net/ghttp/ghttp_request_middleware.go:110
   6).  github.com/gogf/gf/util/gutil.TryCatch
    	/Users/sliverhorn/Go/pkg/mod/github.com/gogf/gf@v1.13.1/util/gutil/gutil.go:26
   7).  github.com/gogf/gf/net/ghttp.(*Middleware).Next
    	/Users/sliverhorn/Go/pkg/mod/github.com/gogf/gf@v1.13.1/net/ghttp/ghttp_request_middleware.go:47
   8).  github.com/gogf/gf/net/ghttp.(*Server).ServeHTTP
    	/Users/sliverhorn/Go/pkg/mod/github.com/gogf/gf@v1.13.1/net/ghttp/ghttp_server_handler.go:111

2020-07-10 19:35:36.755 500 "POST http 127.0.0.1:7777 /base/register HTTP/1.1" 0.003, 127.0.0.1, "", "ApiPOST Runtime +https://www.apipost.cn"
Stack:
1. runtime error: invalid memory address or nil pointer dereference
   1).  gf-server/app/model/user.(*Entity).EncryptedPassword
    	/Users/sliverhorn/Go/src/github.com/SliverHorn/goframe-vue-admin/gf-server/app/model/user/user_entity.go:80
   2).  gf-server/app/service.Register
    	/Users/sliverhorn/Go/src/github.com/SliverHorn/goframe-vue-admin/gf-server/app/service/sys_user.go:28
   3).  gf-server/app/api/v1.Register
    	/Users/sliverhorn/Go/src/github.com/SliverHorn/goframe-vue-admin/gf-server/app/api/v1/sys_user.go:28
   4).  github.com/gogf/gf/net/ghttp.(*Middleware).Next.func1.8
    	/Users/sliverhorn/Go/pkg/mod/github.com/gogf/gf@v1.13.1/net/ghttp/ghttp_request_middleware.go:111
   5).  github.com/gogf/gf/net/ghttp.niceCallFunc
    	/Users/sliverhorn/Go/pkg/mod/github.com/gogf/gf@v1.13.1/net/ghttp/ghttp_func.go:75
   6).  github.com/gogf/gf/net/ghttp.(*Middleware).Next.func1
    	/Users/sliverhorn/Go/pkg/mod/github.com/gogf/gf@v1.13.1/net/ghttp/ghttp_request_middleware.go:110
   7).  github.com/gogf/gf/util/gutil.TryCatch
    	/Users/sliverhorn/Go/pkg/mod/github.com/gogf/gf@v1.13.1/util/gutil/gutil.go:26
   8).  github.com/gogf/gf/net/ghttp.(*Middleware).Next
    	/Users/sliverhorn/Go/pkg/mod/github.com/gogf/gf@v1.13.1/net/ghttp/ghttp_request_middleware.go:47
   9).  github.com/gogf/gf/net/ghttp.(*Server).ServeHTTP
    	/Users/sliverhorn/Go/pkg/mod/github.com/gogf/gf@v1.13.1/net/ghttp/ghttp_server_handler.go:111

