2020-07-23 13:58:12.722 [DEBU] [  3 ms] SHOW FULL COLUMNS FROM `menus`
2020-07-23 13:58:12.727 [DEBU] [  4 ms] SHOW FULL COLUMNS FROM `authority_menu`
2020-07-23 13:58:12.728 [DEBU] [  1 ms] SELECT * FROM `menus` a RIGHT JOIN `authority_menu` b ON (a.id=b.menu_id)
2020-07-23 13:59:32.674 [DEBU] [  2 ms] SHOW FULL COLUMNS FROM `menus`
2020-07-23 13:59:32.675 [DEBU] [  0 ms] SHOW FULL COLUMNS FROM `authority_menu`
2020-07-23 13:59:32.678 [DEBU] [  2 ms] SELECT * FROM `menus` a RIGHT JOIN `authority_menu` b ON (a.id=b.menu_id) WHERE `authority_id`='888'
2020-07-23 14:01:02.422 [DEBU] [  2 ms] SHOW FULL COLUMNS FROM `menus`
2020-07-23 14:01:02.423 [DEBU] [  0 ms] SHOW FULL COLUMNS FROM `authority_menu`
2020-07-23 14:01:02.424 [DEBU] [  0 ms] SELECT * FROM `menus` a RIGHT JOIN `authority_menu` b ON (a.id=b.menu_id) WHERE `authority_id`='888'
2020-07-23 14:01:08.899 [DEBU] [  2 ms] SHOW FULL COLUMNS FROM `menus`
2020-07-23 14:01:08.900 [DEBU] [  1 ms] SHOW FULL COLUMNS FROM `authority_menu`
2020-07-23 14:01:08.901 [DEBU] [  1 ms] SELECT * FROM `menus` a RIGHT JOIN `authority_menu` b ON (a.id=b.menu_id) WHERE `authority_id`='888'
2020-07-23 14:28:07.158 [ERRO] [  1 ms] SHOW FULL COLUMNS FROM `menus`
Error: Error 1146: Table 'gf-vue-admin.menus' doesn't exist 
Stack:
1.  github.com/gogf/gf/os/gcache.(*memCache).GetOrSetFunc
    /Users/sliverhorn/Go/pkg/mod/github.com/gogf/gf@v1.13.1/os/gcache/gcache_mem_cache.go:250
2.  server/app/service.TestMenu
    /Users/sliverhorn/Go/src/github.com/flipped-aurora/gf-vue-admin/server/app/service/join_test.go:24

2020-07-23 14:28:07.159 [DEBU] [  1 ms] SHOW FULL COLUMNS FROM `authority_menu`
2020-07-23 14:28:07.160 [ERRO] [  1 ms] SHOW FULL COLUMNS FROM `menus`
Error: Error 1146: Table 'gf-vue-admin.menus' doesn't exist 
Stack:
1.  github.com/gogf/gf/os/gcache.(*memCache).GetOrSetFunc
    /Users/sliverhorn/Go/pkg/mod/github.com/gogf/gf@v1.13.1/os/gcache/gcache_mem_cache.go:250
2.  server/app/service.TestMenu
    /Users/sliverhorn/Go/src/github.com/flipped-aurora/gf-vue-admin/server/app/service/join_test.go:24

2020-07-23 14:28:07.160 [ERRO] [  0 ms] SELECT * FROM `menus` a RIGHT JOIN `authority_menu` b ON (a.id=b.menu_id) WHERE `authority_id`='888'
Error: Error 1146: Table 'gf-vue-admin.menus' doesn't exist 
Stack:
1.  server/app/service.TestMenu
    /Users/sliverhorn/Go/src/github.com/flipped-aurora/gf-vue-admin/server/app/service/join_test.go:24

